<?xml version="1.0" encoding="UTF-8"?><testrun dateTime="2025-05-16T11:49:43Z" fail="18" name="character-map" pass="1" skipped="0" statusUnknown="10" totalRun="29">
   <testResult status="fail" testName="character-map-001">
      <outResult>
         <errTrace>A location path was expected, but the following token was encountered:  [</errTrace>
         <errTrace>Extra illegal tokens: '[', '""', ']', 'ab', '\', '[', 'C', '\', ']', 'de', '[', '""', ']'</errTrace>
         <errTrace>java.lang.RuntimeException: Programmer's assertion in getNextStepPos: unknown stepType: -1</errTrace>
      </outResult>
   </testResult>
   <testResult status="fail" testName="character-map-002">
      <outResult>
         <errTrace>A location path was expected, but the following token was encountered:  [</errTrace>
         <errTrace>Extra illegal tokens: '[', '""', ']', 'ab', '\', '[', 'C', '\', ']', 'de', '[', '""', ']'</errTrace>
         <errTrace>java.lang.RuntimeException: Programmer's assertion in getNextStepPos: unknown stepType: -1</errTrace>
      </outResult>
   </testResult>
   <testResult status="fail" testName="character-map-003">
      <outResult>
         <errTrace>A location path was expected, but the following token was encountered:  [</errTrace>
         <errTrace>Extra illegal tokens: '[', '""', ']', 'ab', '\', '{', 'C', '\', '}', 'de', '[', '""', ']'</errTrace>
         <errTrace>java.lang.RuntimeException: Programmer's assertion in getNextStepPos: unknown stepType: -1</errTrace>
      </outResult>
   </testResult>
   <testResult status="fail" testName="character-map-004">
      <outResult>
         <errTrace>A location path was expected, but the following token was encountered:  [</errTrace>
         <errTrace>Extra illegal tokens: '[', '""', ']', 'ab', '\', '[', 'C', '\', ']', 'de', '[', '""', ']'</errTrace>
         <errTrace>java.lang.RuntimeException: Programmer's assertion in getNextStepPos: unknown stepType: -1</errTrace>
      </outResult>
   </testResult>
   <testResult status="fail" testName="character-map-005">
      <outResult>
         <errTrace>A location path was expected, but the following token was encountered:  [</errTrace>
         <errTrace>Extra illegal tokens: '[', '""', ']', '\', '[', 'A', '\', ']', 'b', '\', '{', 'C', '\', '}', 'de', '[', '""', ']'</errTrace>
         <errTrace>java.lang.RuntimeException: Programmer's assertion in getNextStepPos: unknown stepType: -1</errTrace>
      </outResult>
   </testResult>
   <testResult status="fail" testName="character-map-006">
      <outResult/>
   </testResult>
   <testResult testName="character-map-007"/>
   <testResult status="fail" testName="character-map-008">
      <outResult>
         <errTrace>A location path was expected, but the following token was encountered:  [</errTrace>
         <errTrace>Extra illegal tokens: '[', '""', ']', '\', '[', 'A', '\', ']', '\', '[', 'B', '\', ']', 'cde', '[', '""', ']'</errTrace>
         <errTrace>java.lang.RuntimeException: Programmer's assertion in getNextStepPos: unknown stepType: -1</errTrace>
      </outResult>
   </testResult>
   <testResult status="fail" testName="character-map-009">
      <outResult>
         <errTrace>A location path was expected, but the following token was encountered:  [</errTrace>
         <errTrace>Extra illegal tokens: '[', '""', ']', 'z-linkage', '\', '.html', '[', '""', ']'</errTrace>
         <errTrace>java.lang.RuntimeException: Programmer's assertion in getNextStepPos: unknown stepType: -1</errTrace>
      </outResult>
   </testResult>
   <testResult status="fail" testName="character-map-010">
      <outResult/>
   </testResult>
   <testResult testName="character-map-011"/>
   <testResult testName="character-map-012"/>
   <testResult status="fail" testName="character-map-013">
      <outResult/>
   </testResult>
   <testResult testName="character-map-014"/>
   <testResult testName="character-map-015"/>
   <testResult testName="character-map-016"/>
   <testResult status="fail" testName="character-map-017">
      <outResult>
         <errTrace>A location path was expected, but the following token was encountered:  [</errTrace>
         <errTrace>Extra illegal tokens: '[', '""', ']', 'te', '\', '[', 'X', '\', ']', 't', '/', 'html;', '\', '[', 'C', '\', ']', 'harset', '=', 'UTF-8', '[', '""', ']'</errTrace>
         <errTrace>java.lang.RuntimeException: Programmer's assertion in getNextStepPos: unknown stepType: -1</errTrace>
      </outResult>
   </testResult>
   <testResult testName="character-map-018"/>
   <testResult status="fail" testName="character-map-019">
      <outResult>&lt;?xml version="1.0" encoding="UTF-8"?&gt;&lt;doc&gt;&lt;a value="abcde"&gt;vwxyz&lt;/a&gt;&lt;/doc&gt;</outResult>
   </testResult>
   <testResult status="fail" testName="character-map-020">
      <outResult>&lt;?xml version="1.0" encoding="UTF-8"?&gt;&lt;doc&gt;&lt;a value="[A]b{C}de"&gt;vwxyz&lt;/a&gt;&lt;/doc&gt;</outResult>
   </testResult>
   <testResult status="fail" testName="character-map-021">
      <outResult>&lt;?xml version="1.0" encoding="UTF-8"?&gt;&lt;doc&gt;&lt;a value="[A]b{C}de"&gt;vwxyz&lt;/a&gt;&lt;/doc&gt;</outResult>
   </testResult>
   <testResult status="fail" testName="character-map-022">
      <outResult>
         <errTrace>An XSL stylesheet contains more than one xsl:character-map instruction with name 'map02'.</errTrace>
      </outResult>
   </testResult>
   <testResult status="fail" testName="character-map-023">
      <outResult>
         <errTrace>Extra illegal tokens: 'World'</errTrace>
         <errTrace>A location path was expected, but the following token was encountered:  [</errTrace>
         <errTrace>Extra illegal tokens: '[', '""', ']', '&lt;', 'GT', '&lt;', 'GT', '[', '""', ']'</errTrace>
         <errTrace>java.lang.RuntimeException: Programmer's assertion in getNextStepPos: unknown stepType: -1</errTrace>
      </outResult>
   </testResult>
   <testResult testName="character-map-024"/>
   <testResult testName="character-map-025"/>
   <testResult status="fail" testName="character-map-026">
      <outResult>
         <errTrace>org.xml.sax.SAXException: Can not resolve namespace prefix: #all</errTrace>
      </outResult>
   </testResult>
   <testResult status="pass" testName="character-map-027"/>
   <testResult testName="character-map-028"/>
   <testResult status="fail" testName="character-map-901">
      <outResult>
         <errTrace>org.xml.sax.SAXException: Can not resolve namespace prefix: #all</errTrace>
      </outResult>
   </testResult>
</testrun>
