<?xml version="1.0" encoding="UTF-8"?><testrun dateTime="2025-05-16T06:27:35Z" fail="38" name="copy" pass="16" skipped="0" statusUnknown="6" totalRun="60">
   <testResult status="fail" testName="copy-0101"/>
   <testResult status="pass" testName="copy-0102"/>
   <testResult status="fail" testName="copy-0103"/>
   <testResult status="fail" testName="copy-0104">
      <outResult>
         <errTrace>in is not allowed in this position in the stylesheet</errTrace>
      </outResult>
   </testResult>
   <testResult status="fail" testName="copy-0105">
      <outResult>
         <errTrace>Extra illegal tokens: 'processing-instruction', '(', ')|', 'text', '(', ')'</errTrace>
         <errTrace>Extra illegal tokens: 'processing-instruction', '(', ')|', 'text', '(', ')'</errTrace>
      </outResult>
   </testResult>
   <testResult status="pass" testName="copy-0201"/>
   <testResult status="pass" testName="copy-0202"/>
   <testResult status="pass" testName="copy-0203"/>
   <testResult status="pass" testName="copy-0401"/>
   <testResult status="pass" testName="copy-0501"/>
   <testResult status="fail" testName="copy-0601"/>
   <testResult status="fail" testName="copy-0602"/>
   <testResult status="fail" testName="copy-0603"/>
   <testResult status="fail" testName="copy-0604"/>
   <testResult status="fail" testName="copy-0605"/>
   <testResult status="fail" testName="copy-0606"/>
   <testResult status="fail" testName="element-0607">
      <outResult>&lt;?xml version="1.0" encoding="utf-8"?&gt;&lt;output&gt;&lt;with-namespaces&gt;&lt;pink xmlns:rose="http://www.rose.com"&gt;&#13;
 &lt;green xmlns:grass="http://www.grass.com"&gt;&#13;
  &lt;red xmlns:blood="http://www.blood.com"&gt;&#13;
   &lt;blue xmlns:sky="http://www.sky.com"/&gt;&#13;
  &lt;/red&gt;&#13;
 &lt;/green&gt;&#13;
&lt;/pink&gt;&lt;/with-namespaces&gt;&lt;without-namespaces&gt;&lt;pink xmlns:rose="http://www.rose.com"&gt;&#13;
 &lt;green xmlns:grass="http://www.grass.com"&gt;&#13;
  &lt;red xmlns:blood="http://www.blood.com"&gt;&#13;
   &lt;blue xmlns:sky="http://www.sky.com"/&gt;&#13;
  &lt;/red&gt;&#13;
 &lt;/green&gt;&#13;
&lt;/pink&gt;&lt;/without-namespaces&gt;&lt;/output&gt;</outResult>
   </testResult>
   <testResult status="fail" testName="element-0608">
      <outResult>
         <errTrace>Illegal value: #current used for QNAME attribute: mode</errTrace>
         <errTrace>Illegal value: #current used for QNAME attribute: mode</errTrace>
      </outResult>
   </testResult>
   <testResult testName="copy-0609"/>
   <testResult testName="copy-0610"/>
   <testResult testName="copy-0611"/>
   <testResult status="fail" testName="copy-0612">
      <outResult>
         <errTrace>XPTY0004 : Function call argument at position 1 for function {http://local-functions/}in-scope-namespaces(), doesn't match the declared parameter type element(*).</errTrace>
         <errTrace>XPTY0004 : Function call argument at position 1 for function {http://local-functions/}in-scope-namespaces(), doesn't match the declared parameter type element(*).</errTrace>
         <errTrace>XPTY0004 : Function call argument at position 1 for function {http://local-functions/}in-scope-namespaces(), doesn't match the declared parameter type element(*).</errTrace>
         <errTrace>XPTY0004 : Function call argument at position 1 for function {http://local-functions/}in-scope-namespaces(), doesn't match the declared parameter type element(*).</errTrace>
         <errTrace>XPTY0004 : Function call argument at position 1 for function {http://local-functions/}in-scope-namespaces(), doesn't match the declared parameter type element(*).</errTrace>
         <errTrace>XPTY0004 : Function call argument at position 1 for function {http://local-functions/}in-scope-namespaces(), doesn't match the declared parameter type element(*).</errTrace>
      </outResult>
   </testResult>
   <testResult status="fail" testName="copy-0613">
      <outResult>
         <errTrace>XPTY0004 : Function call argument at position 1 for function {http://local-functions/}in-scope-namespaces(), doesn't match the declared parameter type element(*).</errTrace>
         <errTrace>XPTY0004 : Function call argument at position 1 for function {http://local-functions/}in-scope-namespaces(), doesn't match the declared parameter type element(*).</errTrace>
         <errTrace>XPTY0004 : Function call argument at position 1 for function {http://local-functions/}in-scope-namespaces(), doesn't match the declared parameter type element(*).</errTrace>
         <errTrace>XPTY0004 : Function call argument at position 1 for function {http://local-functions/}in-scope-namespaces(), doesn't match the declared parameter type element(*).</errTrace>
         <errTrace>XPTY0004 : Function call argument at position 1 for function {http://local-functions/}in-scope-namespaces(), doesn't match the declared parameter type element(*).</errTrace>
         <errTrace>XPTY0004 : Function call argument at position 1 for function {http://local-functions/}in-scope-namespaces(), doesn't match the declared parameter type element(*).</errTrace>
      </outResult>
   </testResult>
   <testResult status="fail" testName="copy-0614">
      <outResult>
         <errTrace>XPTY0004 : Function call argument at position 1 for function {http://local-functions/}in-scope-namespaces(), doesn't match the declared parameter type element(*).</errTrace>
         <errTrace>XPTY0004 : Function call argument at position 1 for function {http://local-functions/}in-scope-namespaces(), doesn't match the declared parameter type element(*).</errTrace>
         <errTrace>XPTY0004 : Function call argument at position 1 for function {http://local-functions/}in-scope-namespaces(), doesn't match the declared parameter type element(*).</errTrace>
         <errTrace>XPTY0004 : Function call argument at position 1 for function {http://local-functions/}in-scope-namespaces(), doesn't match the declared parameter type element(*).</errTrace>
         <errTrace>XPTY0004 : Function call argument at position 1 for function {http://local-functions/}in-scope-namespaces(), doesn't match the declared parameter type element(*).</errTrace>
         <errTrace>XPTY0004 : Function call argument at position 1 for function {http://local-functions/}in-scope-namespaces(), doesn't match the declared parameter type element(*).</errTrace>
      </outResult>
   </testResult>
   <testResult status="fail" testName="copy-0615">
      <outResult>
         <errTrace>XPTY0004 : Function call argument at position 1 for function {http://local-functions/}in-scope-namespaces(), doesn't match the declared parameter type element(*).</errTrace>
         <errTrace>XPTY0004 : Function call argument at position 1 for function {http://local-functions/}in-scope-namespaces(), doesn't match the declared parameter type element(*).</errTrace>
         <errTrace>XPTY0004 : Function call argument at position 1 for function {http://local-functions/}in-scope-namespaces(), doesn't match the declared parameter type element(*).</errTrace>
         <errTrace>XPTY0004 : Function call argument at position 1 for function {http://local-functions/}in-scope-namespaces(), doesn't match the declared parameter type element(*).</errTrace>
         <errTrace>XPTY0004 : Function call argument at position 1 for function {http://local-functions/}in-scope-namespaces(), doesn't match the declared parameter type element(*).</errTrace>
         <errTrace>XPTY0004 : Function call argument at position 1 for function {http://local-functions/}in-scope-namespaces(), doesn't match the declared parameter type element(*).</errTrace>
      </outResult>
   </testResult>
   <testResult status="fail" testName="copy-0616">
      <outResult>
         <errTrace>org.apache.xalan.templates.StylesheetComposed cannot be cast to org.apache.xalan.templates.StylesheetRoot</errTrace>
         <errTrace>org.apache.xalan.templates.StylesheetComposed cannot be cast to org.apache.xalan.templates.StylesheetRoot</errTrace>
         <errTrace>org.apache.xalan.templates.StylesheetComposed cannot be cast to org.apache.xalan.templates.StylesheetRoot</errTrace>
         <errTrace>org.apache.xalan.templates.StylesheetComposed cannot be cast to org.apache.xalan.templates.StylesheetRoot</errTrace>
         <errTrace>org.apache.xalan.templates.StylesheetComposed cannot be cast to org.apache.xalan.templates.StylesheetRoot</errTrace>
         <errTrace>org.apache.xalan.templates.StylesheetComposed cannot be cast to org.apache.xalan.templates.StylesheetRoot</errTrace>
      </outResult>
   </testResult>
   <testResult status="fail" testName="copy-0617">
      <outResult>
         <errTrace>org.apache.xalan.templates.StylesheetComposed cannot be cast to org.apache.xalan.templates.StylesheetRoot</errTrace>
         <errTrace>org.apache.xalan.templates.StylesheetComposed cannot be cast to org.apache.xalan.templates.StylesheetRoot</errTrace>
         <errTrace>org.apache.xalan.templates.StylesheetComposed cannot be cast to org.apache.xalan.templates.StylesheetRoot</errTrace>
         <errTrace>org.apache.xalan.templates.StylesheetComposed cannot be cast to org.apache.xalan.templates.StylesheetRoot</errTrace>
         <errTrace>org.apache.xalan.templates.StylesheetComposed cannot be cast to org.apache.xalan.templates.StylesheetRoot</errTrace>
         <errTrace>org.apache.xalan.templates.StylesheetComposed cannot be cast to org.apache.xalan.templates.StylesheetRoot</errTrace>
      </outResult>
   </testResult>
   <testResult status="fail" testName="copy-0618">
      <outResult>
         <errTrace>org.apache.xalan.templates.StylesheetComposed cannot be cast to org.apache.xalan.templates.StylesheetRoot</errTrace>
         <errTrace>org.apache.xalan.templates.StylesheetComposed cannot be cast to org.apache.xalan.templates.StylesheetRoot</errTrace>
         <errTrace>org.apache.xalan.templates.StylesheetComposed cannot be cast to org.apache.xalan.templates.StylesheetRoot</errTrace>
         <errTrace>org.apache.xalan.templates.StylesheetComposed cannot be cast to org.apache.xalan.templates.StylesheetRoot</errTrace>
         <errTrace>org.apache.xalan.templates.StylesheetComposed cannot be cast to org.apache.xalan.templates.StylesheetRoot</errTrace>
         <errTrace>org.apache.xalan.templates.StylesheetComposed cannot be cast to org.apache.xalan.templates.StylesheetRoot</errTrace>
      </outResult>
   </testResult>
   <testResult status="fail" testName="copy-0619">
      <outResult>
         <errTrace>org.apache.xalan.templates.StylesheetComposed cannot be cast to org.apache.xalan.templates.StylesheetRoot</errTrace>
         <errTrace>org.apache.xalan.templates.StylesheetComposed cannot be cast to org.apache.xalan.templates.StylesheetRoot</errTrace>
         <errTrace>org.apache.xalan.templates.StylesheetComposed cannot be cast to org.apache.xalan.templates.StylesheetRoot</errTrace>
         <errTrace>org.apache.xalan.templates.StylesheetComposed cannot be cast to org.apache.xalan.templates.StylesheetRoot</errTrace>
         <errTrace>org.apache.xalan.templates.StylesheetComposed cannot be cast to org.apache.xalan.templates.StylesheetRoot</errTrace>
         <errTrace>org.apache.xalan.templates.StylesheetComposed cannot be cast to org.apache.xalan.templates.StylesheetRoot</errTrace>
      </outResult>
   </testResult>
   <testResult status="fail" testName="copy-0620">
      <outResult>
         <errTrace>XPTY0004 : Function call argument at position 1 for function {http://local-functions/}in-scope-namespaces(), doesn't match the declared parameter type element(*).</errTrace>
         <errTrace>XPTY0004 : Function call argument at position 1 for function {http://local-functions/}in-scope-namespaces(), doesn't match the declared parameter type element(*).</errTrace>
         <errTrace>XPTY0004 : Function call argument at position 1 for function {http://local-functions/}in-scope-namespaces(), doesn't match the declared parameter type element(*).</errTrace>
         <errTrace>A node test that matches either NCName:* or QName was expected.</errTrace>
      </outResult>
   </testResult>
   <testResult status="fail" testName="copy-0621">
      <outResult>
         <errTrace>XPTY0004 : Function call argument at position 1 for function {http://local-functions/}in-scope-namespaces(), doesn't match the declared parameter type element(*).</errTrace>
         <errTrace>XPTY0004 : Function call argument at position 1 for function {http://local-functions/}in-scope-namespaces(), doesn't match the declared parameter type element(*).</errTrace>
         <errTrace>XPTY0004 : Function call argument at position 1 for function {http://local-functions/}in-scope-namespaces(), doesn't match the declared parameter type element(*).</errTrace>
         <errTrace>A node test that matches either NCName:* or QName was expected.</errTrace>
      </outResult>
   </testResult>
   <testResult status="fail" testName="copy-0622">
      <outResult>
         <errTrace>XPTY0004 : Function call argument at position 1 for function {http://local-functions/}in-scope-namespaces(), doesn't match the declared parameter type element(*).</errTrace>
         <errTrace>XPTY0004 : Function call argument at position 1 for function {http://local-functions/}in-scope-namespaces(), doesn't match the declared parameter type element(*).</errTrace>
         <errTrace>XPTY0004 : Function call argument at position 1 for function {http://local-functions/}in-scope-namespaces(), doesn't match the declared parameter type element(*).</errTrace>
         <errTrace>A node test that matches either NCName:* or QName was expected.</errTrace>
      </outResult>
   </testResult>
   <testResult status="fail" testName="copy-0623">
      <outResult>
         <errTrace>XPTY0004 : Function call argument at position 1 for function {http://local-functions/}in-scope-namespaces(), doesn't match the declared parameter type element(*).</errTrace>
         <errTrace>XPTY0004 : Function call argument at position 1 for function {http://local-functions/}in-scope-namespaces(), doesn't match the declared parameter type element(*).</errTrace>
         <errTrace>XPTY0004 : Function call argument at position 1 for function {http://local-functions/}in-scope-namespaces(), doesn't match the declared parameter type element(*).</errTrace>
         <errTrace>A node test that matches either NCName:* or QName was expected.</errTrace>
      </outResult>
   </testResult>
   <testResult status="fail" testName="copy-0624">
      <outResult>
         <errTrace>A node test that matches either NCName:* or QName was expected.</errTrace>
         <errTrace>org.apache.xalan.templates.StylesheetComposed cannot be cast to org.apache.xalan.templates.StylesheetRoot</errTrace>
         <errTrace>org.apache.xalan.templates.StylesheetComposed cannot be cast to org.apache.xalan.templates.StylesheetRoot</errTrace>
         <errTrace>org.apache.xalan.templates.StylesheetComposed cannot be cast to org.apache.xalan.templates.StylesheetRoot</errTrace>
      </outResult>
   </testResult>
   <testResult status="fail" testName="copy-0625">
      <outResult>
         <errTrace>A node test that matches either NCName:* or QName was expected.</errTrace>
         <errTrace>org.apache.xalan.templates.StylesheetComposed cannot be cast to org.apache.xalan.templates.StylesheetRoot</errTrace>
         <errTrace>org.apache.xalan.templates.StylesheetComposed cannot be cast to org.apache.xalan.templates.StylesheetRoot</errTrace>
         <errTrace>org.apache.xalan.templates.StylesheetComposed cannot be cast to org.apache.xalan.templates.StylesheetRoot</errTrace>
      </outResult>
   </testResult>
   <testResult status="fail" testName="copy-0626">
      <outResult>
         <errTrace>A node test that matches either NCName:* or QName was expected.</errTrace>
         <errTrace>org.apache.xalan.templates.StylesheetComposed cannot be cast to org.apache.xalan.templates.StylesheetRoot</errTrace>
         <errTrace>org.apache.xalan.templates.StylesheetComposed cannot be cast to org.apache.xalan.templates.StylesheetRoot</errTrace>
         <errTrace>org.apache.xalan.templates.StylesheetComposed cannot be cast to org.apache.xalan.templates.StylesheetRoot</errTrace>
      </outResult>
   </testResult>
   <testResult status="fail" testName="copy-0627">
      <outResult>
         <errTrace>A node test that matches either NCName:* or QName was expected.</errTrace>
         <errTrace>org.apache.xalan.templates.StylesheetComposed cannot be cast to org.apache.xalan.templates.StylesheetRoot</errTrace>
         <errTrace>org.apache.xalan.templates.StylesheetComposed cannot be cast to org.apache.xalan.templates.StylesheetRoot</errTrace>
         <errTrace>org.apache.xalan.templates.StylesheetComposed cannot be cast to org.apache.xalan.templates.StylesheetRoot</errTrace>
      </outResult>
   </testResult>
   <testResult status="pass" testName="copy-0701"/>
   <testResult status="pass" testName="copy-0801"/>
   <testResult status="pass" testName="copy-0901"/>
   <testResult status="pass" testName="copy-1001"/>
   <testResult status="pass" testName="copy-1002"/>
   <testResult status="pass" testName="copy-1003"/>
   <testResult status="pass" testName="copy-1101"/>
   <testResult status="fail" testName="copy-1201"/>
   <testResult status="pass" testName="copy-1202"/>
   <testResult status="pass" testName="copy-1203"/>
   <testResult status="pass" testName="copy-1204"/>
   <testResult testName="copy-1205"/>
   <testResult status="fail" testName="copy-1206"/>
   <testResult status="fail" testName="copy-1207"/>
   <testResult status="fail" testName="copy-1208"/>
   <testResult status="fail" testName="copy-1209">
      <outResult>
         <errTrace>XTSE0010 : an instruction xsl:document is not known to the XSLT processor.</errTrace>
      </outResult>
   </testResult>
   <testResult status="fail" testName="copy-1210">
      <outResult>
         <errTrace>XTSE0010 : an instruction xsl:namespace is not known to the XSLT processor.</errTrace>
         <errTrace>XTSE0010 : an instruction xsl:on-empty is not known to the XSLT processor.</errTrace>
      </outResult>
   </testResult>
   <testResult testName="copy-1211"/>
   <testResult status="fail" testName="copy-1212"/>
   <testResult status="fail" testName="copy-1213">
      <outResult>
         <errTrace>XTSE0010 : an instruction xsl:where-populated is not known to the XSLT processor.</errTrace>
         <errTrace>ERROR! Unknown op code: 0</errTrace>
         <errTrace>java.lang.ArrayIndexOutOfBoundsException: -1</errTrace>
      </outResult>
   </testResult>
   <testResult status="fail" testName="copy-1214">
      <outResult>
         <errTrace>XTTE0570 : The xs:string value '' cannot be cast to a type node().</errTrace>
      </outResult>
   </testResult>
   <testResult status="fail" testName="copy-1215">
      <outResult>
         <errTrace>XTTE0570 : The xs:string value 'Boo!' cannot be cast to a type node().</errTrace>
         <errTrace>ERROR! Unknown op code: 0</errTrace>
         <errTrace>java.lang.ArrayIndexOutOfBoundsException: -1</errTrace>
      </outResult>
   </testResult>
   <testResult testName="copy-1216"/>
</testrun>
