<?xml version="1.0" encoding="UTF-8"?><testrun dateTime="2025-06-12T11:04:24Z" fail="80" name="as" pass="27" skipped="1" statusUnknown="1" totalRun="109">
   <testResult status="fail" testName="as-0101"/>
   <testResult status="pass" testName="as-0102"/>
   <testResult status="pass" testName="as-0103"/>
   <testResult status="fail" testName="as-0104">
      <outResult>
         <errTrace>XTDE0700 : No value supplied for the required parameter $par1. A value is required for the parameter because the default value is not a valid instance of the required type.</errTrace>
      </outResult>
   </testResult>
   <testResult status="fail" testName="as-0105"/>
   <testResult status="pass" testName="as-0106"/>
   <testResult reason="allowed by xslt 3.0 test suite" status="skipped" testName="as-0106a"/>
   <testResult status="pass" testName="as-0106b"/>
   <testResult status="fail" testName="as-0107"/>
   <testResult status="fail" testName="as-0108"/>
   <testResult status="pass" testName="as-0109"/>
   <testResult status="pass" testName="as-0110"/>
   <testResult status="fail" testName="as-0110a">
      <outResult>&lt;?xml version="1.0" encoding="UTF-8"?&gt;&lt;out&gt;&lt;var1&gt;true&lt;/var1&gt;&lt;var2&gt;true&lt;/var2&gt;&lt;var3&gt;true&lt;/var3&gt;&lt;var4&gt;true&lt;/var4&gt;&lt;var5&gt;true&lt;/var5&gt;&lt;var6&gt;true&lt;/var6&gt;&lt;var7&gt;true&lt;/var7&gt;&lt;var8&gt;true&lt;/var8&gt;&lt;var9&gt;true&lt;/var9&gt;&lt;var10&gt;true&lt;/var10&gt;&lt;var11&gt;true&lt;/var11&gt;&lt;var12&gt;true&lt;/var12&gt;&lt;var13&gt;true&lt;/var13&gt;&lt;var14&gt;true&lt;/var14&gt;&lt;var15&gt;true&lt;/var15&gt;&lt;var16&gt;true&lt;/var16&gt;&lt;var17&gt;true&lt;/var17&gt;&lt;var18&gt;true&lt;/var18&gt;&lt;var19&gt;true&lt;/var19&gt;&lt;var20&gt;true&lt;/var20&gt;&lt;var21&gt;true&lt;/var21&gt;&lt;var22&gt;true&lt;/var22&gt;&lt;var23&gt;true&lt;/var23&gt;&lt;var24&gt;true&lt;/var24&gt;&lt;var25&gt;true&lt;/var25&gt;&lt;var26&gt;true&lt;/var26&gt;&lt;var27&gt;true&lt;/var27&gt;&lt;var28&gt;true&lt;/var28&gt;&lt;var29&gt;true&lt;/var29&gt;&lt;var30&gt;true&lt;/var30&gt;&lt;var31&gt;true&lt;/var31&gt;&lt;var32&gt;true&lt;/var32&gt;&lt;var33&gt;true&lt;/var33&gt;&lt;var34&gt;true&lt;/var34&gt;&lt;var35&gt;true&lt;/var35&gt;&lt;var36&gt;true&lt;/var36&gt;&lt;var37&gt;true&lt;/var37&gt;&lt;var38&gt;true&lt;/var38&gt;&lt;/out&gt;</outResult>
   </testResult>
   <testResult status="pass" testName="as-0110b"/>
   <testResult status="fail" testName="as-0111"/>
   <testResult status="fail" testName="as-0111a">
      <outResult>
         <errTrace>Variable var1 is directly or indirectly referencing itself!</errTrace>
         <errTrace>javax.xml.transform.TransformerException: Variable $var1 accessed before it is bound!.</errTrace>
      </outResult>
   </testResult>
   <testResult status="fail" testName="as-0111b"/>
   <testResult status="fail" testName="as-0112"/>
   <testResult status="fail" testName="as-0112a">
      <outResult>
         <errTrace>XTTE0505 : The required result type of template a20 is xs:base64Binary. But the template result doesn't conform to this required type.</errTrace>
      </outResult>
   </testResult>
   <testResult status="fail" testName="as-0112b"/>
   <testResult status="fail" testName="as-0113"/>
   <testResult status="pass" testName="as-0114"/>
   <testResult status="pass" testName="as-0115"/>
   <testResult status="fail" testName="as-0116"/>
   <testResult status="pass" testName="as-0117"/>
   <testResult status="pass" testName="as-0118"/>
   <testResult status="pass" testName="as-0119"/>
   <testResult status="pass" testName="as-0120"/>
   <testResult status="pass" testName="as-0121"/>
   <testResult status="pass" testName="as-0122"/>
   <testResult status="fail" testName="as-0123"/>
   <testResult status="pass" testName="as-0124"/>
   <testResult status="fail" testName="as-0125"/>
   <testResult status="pass" testName="as-0126"/>
   <testResult status="fail" testName="as-0127"/>
   <testResult status="fail" testName="as-0128"/>
   <testResult status="fail" testName="as-0129"/>
   <testResult status="fail" testName="as-0130"/>
   <testResult status="fail" testName="as-0131"/>
   <testResult status="fail" testName="as-0132"/>
   <testResult status="fail" testName="as-0133"/>
   <testResult status="fail" testName="as-0134"/>
   <testResult status="fail" testName="as-0135"/>
   <testResult status="fail" testName="as-0136"/>
   <testResult status="fail" testName="as-0137"/>
   <testResult status="fail" testName="as-0138"/>
   <testResult status="fail" testName="as-0139"/>
   <testResult status="fail" testName="as-0140"/>
   <testResult status="fail" testName="as-0141"/>
   <testResult status="fail" testName="as-0142"/>
   <testResult status="fail" testName="as-0143">
      <outResult>
         <errTrace>org.xml.sax.SAXException: XPST0051 : An XML Schema type 'xs:language' is not recognized, within the provided sequence type expression.
javax.xml.transform.TransformerException: XPST0051 : An XML Schema type 'xs:language' is not recognized, within the provided sequence type expression.</errTrace>
      </outResult>
   </testResult>
   <testResult status="fail" testName="as-0144">
      <outResult>
         <errTrace>org.xml.sax.SAXException: XPST0051 : An XML Schema type 'xs:language' is not recognized, within the provided sequence type expression.
javax.xml.transform.TransformerException: XPST0051 : An XML Schema type 'xs:language' is not recognized, within the provided sequence type expression.</errTrace>
      </outResult>
   </testResult>
   <testResult status="fail" testName="as-0144a">
      <outResult>
         <errTrace>org.xml.sax.SAXException: XPST0051 : An XML Schema type 'xs:language' is not recognized, within the provided sequence type expression.
javax.xml.transform.TransformerException: XPST0051 : An XML Schema type 'xs:language' is not recognized, within the provided sequence type expression.</errTrace>
      </outResult>
   </testResult>
   <testResult status="fail" testName="as-0145"/>
   <testResult status="fail" testName="as-0146">
      <outResult>
         <errTrace>org.xml.sax.SAXException: XPST0051 : An XML Schema type 'xs:NMTOKEN' is not recognized, within the provided sequence type expression.
javax.xml.transform.TransformerException: XPST0051 : An XML Schema type 'xs:NMTOKEN' is not recognized, within the provided sequence type expression.</errTrace>
      </outResult>
   </testResult>
   <testResult status="fail" testName="as-0147"/>
   <testResult status="fail" testName="as-0148"/>
   <testResult status="fail" testName="as-0149"/>
   <testResult status="fail" testName="as-0150">
      <outResult>
         <errTrace>Failed calling setNamespace method</errTrace>
         <errTrace>Failed calling setSchemaLocation method</errTrace>
         <errTrace>org.xml.sax.SAXException: XPST0051 : An XML Schema type 'xs:NMTOKEN' is not recognized, within the provided sequence type expression.
javax.xml.transform.TransformerException: XPST0051 : An XML Schema type 'xs:NMTOKEN' is not recognized, within the provided sequence type expression.</errTrace>
      </outResult>
   </testResult>
   <testResult status="fail" testName="as-0151"/>
   <testResult status="fail" testName="as-0152">
      <outResult/>
   </testResult>
   <testResult status="pass" testName="as-0201"/>
   <testResult status="fail" testName="as-0301"/>
   <testResult status="fail" testName="as-0302"/>
   <testResult status="fail" testName="as-0303"/>
   <testResult status="pass" testName="as-0304"/>
   <testResult status="fail" testName="as-0401"/>
   <testResult status="fail" testName="as-0402"/>
   <testResult status="fail" testName="as-0501"/>
   <testResult status="fail" testName="as-0501a">
      <outResult>
         <errTrace>java.lang.NullPointerException</errTrace>
      </outResult>
   </testResult>
   <testResult status="fail" testName="as-0501b"/>
   <testResult status="fail" testName="as-0601"/>
   <testResult status="pass" testName="as-0701"/>
   <testResult status="pass" testName="as-0702"/>
   <testResult status="fail" testName="as-0703"/>
   <testResult status="fail" testName="as-0801"/>
   <testResult status="fail" testName="as-0801a">
      <outResult>
         <errTrace>Variable var11 is directly or indirectly referencing itself!</errTrace>
         <errTrace>javax.xml.transform.TransformerException: Variable $var11 accessed before it is bound!.</errTrace>
      </outResult>
   </testResult>
   <testResult status="fail" testName="as-0801b"/>
   <testResult status="fail" testName="as-0802"/>
   <testResult status="fail" testName="as-0802a">
      <outResult>
         <errTrace>XTTE0505 : The required result type of template a11 is xs:base64Binary+. But the template result doesn't conform to this required type.</errTrace>
      </outResult>
   </testResult>
   <testResult status="fail" testName="as-0802b"/>
   <testResult status="pass" testName="as-0901"/>
   <testResult status="fail" testName="as-1001"/>
   <testResult status="fail" testName="as-1101"/>
   <testResult status="fail" testName="as-1201">
      <outResult/>
   </testResult>
   <testResult status="pass" testName="as-1202"/>
   <testResult status="fail" testName="as-1203"/>
   <testResult status="pass" testName="as-1204"/>
   <testResult status="pass" testName="as-1205"/>
   <testResult status="fail" testName="as-1206"/>
   <testResult status="fail" testName="as-1207">
      <outResult/>
   </testResult>
   <testResult status="pass" testName="as-1208"/>
   <testResult status="fail" testName="as-1209">
      <outResult/>
   </testResult>
   <testResult status="fail" testName="as-1210">
      <outResult/>
   </testResult>
   <testResult status="fail" testName="as-1211"/>
   <testResult status="pass" testName="as-1212"/>
   <testResult status="fail" testName="as-1213">
      <outResult>
         <errTrace>XTDE0700 : No value supplied for the required parameter $par2. A value is required for the parameter because the default value is not a valid instance of the required type.</errTrace>
      </outResult>
   </testResult>
   <testResult status="fail" testName="as-1214">
      <outResult/>
   </testResult>
   <testResult status="fail" testName="as-1215"/>
   <testResult status="fail" testName="as-1216">
      <outResult>
         <errTrace>XTDE0700 : No value supplied for the required parameter $par2. A value is required for the parameter because the default value is not a valid instance of the required type.</errTrace>
      </outResult>
   </testResult>
   <testResult status="fail" testName="as-1217"/>
   <testResult status="fail" testName="as-1218"/>
   <testResult status="fail" testName="as-1219"/>
   <testResult status="fail" testName="as-1220"/>
   <testResult status="fail" testName="as-1221"/>
   <testResult status="fail" testName="as-1222">
      <outResult>
         <errTrace>XTTE0570 : The required item type of an xdm input node is item(). The supplied value does'nt match an expected type.</errTrace>
         <errTrace>ERROR! Unknown op code: -1</errTrace>
         <errTrace>java.lang.NullPointerException</errTrace>
      </outResult>
   </testResult>
   <testResult status="fail" testName="as-1301"/>
   <testResult status="fail" testName="as-1302"/>
   <testResult testName="as-1303"/>
</testrun>
