<?xml version="1.0" encoding="UTF-8"?><testrun dateTime="2025-05-22T11:08:02Z" fail="31" name="iterate" pass="9" skipped="0" statusUnknown="4" totalRun="44">
   <testResult status="pass" testName="iterate-001"/>
   <testResult status="pass" testName="iterate-002"/>
   <testResult status="pass" testName="iterate-003"/>
   <testResult status="pass" testName="iterate-004"/>
   <testResult status="fail" testName="iterate-006">
      <outResult>
         <errTrace>XTSE3120 : An xsl:next-iteration instruction doesn't have xsl:iterate instruction as an ancestor.</errTrace>
      </outResult>
   </testResult>
   <testResult testName="iterate-007"/>
   <testResult status="fail" testName="iterate-008">
      <outResult>
         <errTrace>org.apache.xml.utils.WrappedRuntimeException: XPST0008 : Could not find variable with the name of basketCost</errTrace>
      </outResult>
   </testResult>
   <testResult status="fail" testName="iterate-009">
      <outResult>&lt;?xml version="1.0" encoding="UTF-8"?&gt;&lt;out xmlns:xs="http://www.w3.org/2001/XMLSchema"&gt;&#13;
&lt;item cost="0"&gt;&#13;
&lt;TITLE&gt;Pride and Prejudice&lt;/TITLE&gt;&#13;
&lt;/item&gt;&#13;
&lt;item cost="0"&gt;&#13;
&lt;TITLE&gt;Wuthering Heights&lt;/TITLE&gt;&#13;
&lt;/item&gt;&#13;
&lt;item cost="0"&gt;&#13;
&lt;TITLE&gt;Tess of the d'Urbervilles&lt;/TITLE&gt;&#13;
&lt;/item&gt;&#13;
&lt;item cost="0"&gt;&#13;
&lt;TITLE&gt;Jude the Obscure&lt;/TITLE&gt;&#13;
&lt;/item&gt;&#13;
&lt;item cost="0"&gt;&#13;
&lt;TITLE&gt;The Big Over Easy&lt;/TITLE&gt;&#13;
&lt;/item&gt;&#13;
&lt;item cost="0"&gt;&#13;
&lt;TITLE&gt;The Eyre Affair&lt;/TITLE&gt;&#13;
&lt;/item&gt;&#13;
&lt;/out&gt;&#13;
</outResult>
   </testResult>
   <testResult status="fail" testName="iterate-010">
      <outResult>&lt;?xml version="1.0" encoding="UTF-8"?&gt;&lt;out xmlns:xs="http://www.w3.org/2001/XMLSchema"&gt;&#13;
&lt;item cost="0"&gt;&#13;
&lt;TITLE&gt;Pride and Prejudice&lt;/TITLE&gt;&#13;
&lt;/item&gt;&#13;
&lt;item cost="0"&gt;&#13;
&lt;TITLE&gt;Wuthering Heights&lt;/TITLE&gt;&#13;
&lt;/item&gt;&#13;
&lt;item cost="0"&gt;&#13;
&lt;TITLE&gt;Tess of the d'Urbervilles&lt;/TITLE&gt;&#13;
&lt;/item&gt;&#13;
&lt;item cost="0"&gt;&#13;
&lt;TITLE&gt;Jude the Obscure&lt;/TITLE&gt;&#13;
&lt;/item&gt;&#13;
&lt;item cost="0"&gt;&#13;
&lt;TITLE&gt;The Big Over Easy&lt;/TITLE&gt;&#13;
&lt;/item&gt;&#13;
&lt;item cost="0"&gt;&#13;
&lt;TITLE&gt;The Eyre Affair&lt;/TITLE&gt;&#13;
&lt;/item&gt;&#13;
&lt;/out&gt;&#13;
</outResult>
   </testResult>
   <testResult status="fail" testName="iterate-011">
      <outResult>&lt;?xml version="1.0" encoding="UTF-8"?&gt;&lt;out xmlns:xs="http://www.w3.org/2001/XMLSchema"&gt;&#13;
&lt;item cost="0"&gt;&#13;
&lt;TITLE&gt;Pride and Prejudice&lt;/TITLE&gt;&#13;
&lt;/item&gt;&#13;
&lt;item cost="0"&gt;&#13;
&lt;TITLE&gt;Wuthering Heights&lt;/TITLE&gt;&#13;
&lt;/item&gt;&#13;
&lt;item cost="0"&gt;&#13;
&lt;TITLE&gt;Tess of the d'Urbervilles&lt;/TITLE&gt;&#13;
&lt;/item&gt;&#13;
&lt;item cost="0"&gt;&#13;
&lt;TITLE&gt;Jude the Obscure&lt;/TITLE&gt;&#13;
&lt;/item&gt;&#13;
&lt;item cost="0"&gt;&#13;
&lt;TITLE&gt;The Big Over Easy&lt;/TITLE&gt;&#13;
&lt;/item&gt;&#13;
&lt;item cost="0"&gt;&#13;
&lt;TITLE&gt;The Eyre Affair&lt;/TITLE&gt;&#13;
&lt;/item&gt;&#13;
&lt;/out&gt;&#13;
</outResult>
   </testResult>
   <testResult status="pass" testName="iterate-012"/>
   <testResult status="pass" testName="iterate-013"/>
   <testResult status="fail" testName="iterate-014"/>
   <testResult testName="iterate-015"/>
   <testResult testName="iterate-016"/>
   <testResult testName="iterate-017"/>
   <testResult status="fail" testName="iterate-018"/>
   <testResult status="fail" testName="iterate-019"/>
   <testResult status="fail" testName="iterate-020"/>
   <testResult status="fail" testName="iterate-021"/>
   <testResult status="fail" testName="iterate-022">
      <outResult>
         <errTrace>XTSE0580 : within xsl:iterate, the number of xsl:param elements are not equal to number of xsl:next-iteration's xsl:with-param elements.</errTrace>
      </outResult>
   </testResult>
   <testResult status="fail" testName="iterate-023">
      <outResult>
         <errTrace>XTSE3120 : an xsl:next-iteration instruction is not in a tail position within the sequence constructor of currently active xsl:iterate instruction.</errTrace>
      </outResult>
   </testResult>
   <testResult status="fail" testName="iterate-024">
      <outResult>
         <errTrace>org.apache.xml.utils.WrappedRuntimeException: XPST0008 : Could not find variable with the name of count</errTrace>
      </outResult>
   </testResult>
   <testResult status="fail" testName="iterate-025">
      <outResult>&lt;?xml version="1.0" encoding="UTF-8"?&gt;&lt;out&gt;12345678910&lt;/out&gt;</outResult>
   </testResult>
   <testResult status="pass" testName="iterate-026"/>
   <testResult status="fail" testName="iterate-027">
      <outResult>
         <errTrace>XTTE0590 : The value to parameter 'currentDate' cannot be assigned. Either the parameter's input is not available or parameter's value cannot be cast to an expected type.</errTrace>
      </outResult>
   </testResult>
   <testResult status="fail" testName="iterate-028">
      <outResult>
         <errTrace>ERROR! Unknown op code: 0</errTrace>
         <errTrace>java.lang.ArrayIndexOutOfBoundsException: -1</errTrace>
      </outResult>
   </testResult>
   <testResult status="pass" testName="iterate-029"/>
   <testResult status="fail" testName="iterate-030">
      <outResult>
         <errTrace>XTSE3120 : an xsl:next-iteration instruction is not in a tail position within the sequence constructor of currently active xsl:iterate instruction.</errTrace>
         <errTrace>ERROR! Unknown op code: 0</errTrace>
         <errTrace>java.lang.ArrayIndexOutOfBoundsException: -1</errTrace>
      </outResult>
   </testResult>
   <testResult status="fail" testName="iterate-031">
      <outResult>
         <errTrace>XTSE3120 : an xsl:next-iteration instruction is not in a tail position within the sequence constructor of currently active xsl:iterate instruction.</errTrace>
      </outResult>
   </testResult>
   <testResult status="pass" testName="iterate-032"/>
   <testResult status="fail" testName="iterate-033"/>
   <testResult status="fail" testName="iterate-034">
      <outResult/>
   </testResult>
   <testResult status="fail" testName="iterate-035">
      <outResult>
         <errTrace>"expand-text" attribute is not allowed on the xsl:stylesheet element!</errTrace>
         <errTrace>org.xml.sax.SAXException: Can not resolve namespace prefix: #all</errTrace>
      </outResult>
   </testResult>
   <testResult status="fail" testName="iterate-036">
      <outResult>
         <errTrace>"expand-text" attribute is not allowed on the xsl:stylesheet element!</errTrace>
         <errTrace>org.xml.sax.SAXException: Can not resolve namespace prefix: #all</errTrace>
      </outResult>
   </testResult>
   <testResult status="fail" testName="iterate-037">
      <outResult>
         <errTrace>"expand-text" attribute is not allowed on the xsl:stylesheet element!</errTrace>
         <errTrace>org.xml.sax.SAXException: Can not resolve namespace prefix: #all</errTrace>
      </outResult>
   </testResult>
   <testResult status="fail" testName="iterate-038">
      <outResult>
         <errTrace>"expand-text" attribute is not allowed on the xsl:stylesheet element!</errTrace>
         <errTrace>org.xml.sax.SAXException: Can not resolve namespace prefix: #all</errTrace>
      </outResult>
   </testResult>
   <testResult status="fail" testName="iterate-039">
      <outResult>
         <errTrace>"expand-text" attribute is not allowed on the xsl:stylesheet element!</errTrace>
         <errTrace>org.xml.sax.SAXException: Can not resolve namespace prefix: #all</errTrace>
      </outResult>
   </testResult>
   <testResult status="fail" testName="iterate-040">
      <outResult>
         <errTrace>org.xml.sax.SAXException: Can not resolve namespace prefix: #all</errTrace>
      </outResult>
   </testResult>
   <testResult status="fail" testName="iterate-041">
      <outResult>
         <errTrace>org.xml.sax.SAXException: Can not resolve namespace prefix: #all</errTrace>
      </outResult>
   </testResult>
   <testResult status="fail" testName="iterate-042">
      <outResult>
         <errTrace>org.xml.sax.SAXException: Can not resolve namespace prefix: #all</errTrace>
      </outResult>
   </testResult>
   <testResult status="fail" testName="iterate-043">
      <outResult>
         <errTrace>org.xml.sax.SAXException: Can not resolve namespace prefix: #all</errTrace>
      </outResult>
   </testResult>
   <testResult status="fail" testName="iterate-901">
      <outResult>
         <errTrace>org.apache.xml.utils.WrappedRuntimeException: XPST0008 : Could not find variable with the name of basketCost</errTrace>
      </outResult>
   </testResult>
   <testResult status="fail" testName="iterate-902">
      <outResult>
         <errTrace>XTTE0590 : The value to parameter 'basketCost' cannot be assigned. Either the parameter's input is not available or parameter's value cannot be cast to an expected type.</errTrace>
      </outResult>
   </testResult>
</testrun>
