<?xml version="1.0" encoding="UTF-8"?><testrun dateTime="2025-09-06T11:55:57Z" fail="32" name="function" pass="56" skipped="22" statusUnknown="0" totalRun="88">
   <testResult status="fail" testName="function-0001">
      <outResult/>
   </testResult>
   <testResult status="pass" testName="function-0002"/>
   <testResult status="pass" testName="function-0003"/>
   <testResult status="pass" testName="function-0004"/>
   <testResult status="pass" testName="function-0101"/>
   <testResult status="pass" testName="function-0102"/>
   <testResult status="pass" testName="function-0103"/>
   <testResult status="pass" testName="function-0104"/>
   <testResult status="pass" testName="function-0105"/>
   <testResult status="pass" testName="function-0106"/>
   <testResult status="pass" testName="function-0107"/>
   <testResult status="pass" testName="function-0108"/>
   <testResult status="pass" testName="function-0109"/>
   <testResult status="pass" testName="function-0110"/>
   <testResult status="pass" testName="function-0111"/>
   <testResult status="pass" testName="function-0112"/>
   <testResult status="pass" testName="function-0113"/>
   <testResult status="pass" testName="function-0114"/>
   <testResult status="pass" testName="function-0115"/>
   <testResult status="pass" testName="function-0116"/>
   <testResult status="pass" testName="function-0117"/>
   <testResult status="pass" testName="function-0118"/>
   <testResult status="skipped" testName="function-0119a" xsltVersion="xslt 2.0 only"/>
   <testResult status="pass" testName="function-0119b"/>
   <testResult status="skipped" testName="function-0120a" xsltVersion="xslt 2.0 only"/>
   <testResult status="pass" testName="function-0120b"/>
   <testResult status="pass" testName="function-0121"/>
   <testResult status="pass" testName="function-0122"/>
   <testResult status="pass" testName="function-0201"/>
   <testResult status="pass" testName="function-0202"/>
   <testResult status="pass" testName="function-0203"/>
   <testResult status="pass" testName="function-0205"/>
   <testResult status="pass" testName="function-0301"/>
   <testResult status="skipped" testName="function-0302" xsltVersion="xslt 2.0 only"/>
   <testResult status="pass" testName="function-0302b"/>
   <testResult status="pass" testName="function-0303"/>
   <testResult status="pass" testName="function-0401"/>
   <testResult status="fail" testName="function-0501">
      <outResult>
         <errTrace>XPST0003 : An XPath expression /out/section[1]/actor[1][@name="User"][children/child="Administrator"][empty(parents/node())] has syntax error. Unknown op code : 0.</errTrace>
         <errTrace>java.lang.ArrayIndexOutOfBoundsException</errTrace>
      </outResult>
   </testResult>
   <testResult status="pass" testName="function-0601"/>
   <testResult status="pass" testName="function-0602"/>
   <testResult status="fail" testName="function-0701">
      <outResult>
         <errTrace>XPST0008 : Could not find variable with the name of square-17</errTrace>
         <errTrace>XPST0008 : Could not find variable with the name of square-15</errTrace>
         <errTrace>XPST0008 : Could not find variable with the name of square-10</errTrace>
         <errTrace>XPST0008 : Could not find variable with the name of square-6</errTrace>
         <errTrace>XPST0008 : Could not find variable with the name of square-17</errTrace>
         <errTrace>XPST0008 : Could not find variable with the name of square-15</errTrace>
         <errTrace>XPST0008 : Could not find variable with the name of square-10</errTrace>
         <errTrace>XPST0008 : Could not find variable with the name of square-6</errTrace>
         <errTrace>java.lang.NullPointerException</errTrace>
      </outResult>
   </testResult>
   <testResult status="fail" testName="function-0901"/>
   <testResult status="pass" testName="function-1001"/>
   <testResult status="pass" testName="function-1002"/>
   <testResult status="pass" testName="function-1003"/>
   <testResult status="pass" testName="function-1004"/>
   <testResult status="fail" testName="function-1005"/>
   <testResult status="fail" testName="function-1007"/>
   <testResult status="fail" testName="function-1009"/>
   <testResult status="fail" testName="function-1011">
      <outResult>&lt;?xml version="1.0" encoding="UTF-8"?&gt;&lt;out result=""/&gt;</outResult>
   </testResult>
   <testResult status="pass" testName="function-1012"/>
   <testResult status="fail" testName="function-1013"/>
   <testResult status="fail" testName="function-1014"/>
   <testResult status="pass" testName="function-1015"/>
   <testResult status="pass" testName="function-1016"/>
   <testResult status="fail" testName="function-1017">
      <outResult>
         <errTrace>Unknown error in XPath.</errTrace>
      </outResult>
   </testResult>
   <testResult status="fail" testName="function-1018">
      <outResult>&lt;?xml version="1.0" encoding="UTF-8"?&gt;&lt;out xmlns:xs="http://www.w3.org/2001/XMLSchema" xmlns:x="http://xxx.com/" one="banana"/&gt;</outResult>
   </testResult>
   <testResult status="fail" testName="function-1019">
      <outResult>
         <errTrace>XPTY0004 : An xsl:function call argument at position 1 for function {http://xxx.com/}test, doesn't match the declared parameter type xs:integer.</errTrace>
      </outResult>
   </testResult>
   <testResult status="pass" testName="function-1020"/>
   <testResult status="fail" testName="function-1021">
      <outResult>&lt;?xml version="1.0" encoding="UTF-8"?&gt;&lt;out xmlns:xs="http://www.w3.org/2001/XMLSchema" xmlns:x="http://xxx.com/"/&gt;</outResult>
   </testResult>
   <testResult status="pass" testName="function-1022"/>
   <testResult status="skipped" testName="function-1023" xsltVersion="xslt 2.0 only"/>
   <testResult status="fail" testName="function-1024">
      <outResult>
         <errTrace>Could not find function: {http://www.w3.org/2005/xpath-functions}format-integer()</errTrace>
         <errTrace>function token not found.</errTrace>
         <errTrace>java.lang.NullPointerException</errTrace>
      </outResult>
   </testResult>
   <testResult status="fail" testName="function-1025">
      <outResult/>
   </testResult>
   <testResult status="pass" testName="function-1026"/>
   <testResult status="fail" testName="function-1027">
      <outResult/>
   </testResult>
   <testResult status="pass" testName="function-1028"/>
   <testResult status="fail" testName="function-1029">
      <outResult/>
   </testResult>
   <testResult status="pass" testName="function-1030"/>
   <testResult status="pass" testName="function-1031"/>
   <testResult status="pass" testName="function-1032"/>
   <testResult status="pass" testName="function-1033"/>
   <testResult status="fail" testName="function-1034">
      <outResult/>
   </testResult>
   <testResult status="fail" testName="function-1035">
      <outResult/>
   </testResult>
   <testResult status="fail" testName="function-1101"/>
   <testResult status="fail" testName="function-1201">
      <outResult>
         <errTrace>XTTE0570 : An empty sequence is not allowed, as result of evaluation for sequence type's occurence indicator +.</errTrace>
      </outResult>
   </testResult>
   <testResult status="fail" testName="function-1301"/>
   <testResult status="pass" testName="function-1401"/>
   <testResult status="pass" testName="function-1501"/>
   <testResult status="fail" testName="function-1601">
      <outResult/>
   </testResult>
   <testResult status="fail" testName="function-1701">
      <outResult/>
   </testResult>
   <testResult status="pass" testName="function-1901"/>
   <testResult status="skipped" testName="function-1902" xsltVersion="xslt 2.0 only"/>
   <testResult status="pass" testName="function-2001"/>
   <testResult status="skipped" testName="function-2002" xsltVersion="xslt 2.0 only"/>
   <testResult status="fail" testName="function-2101">
      <outResult/>
   </testResult>
   <testResult status="fail" testName="function-2102">
      <outResult>
         <errTrace>Illegal value: foo:test? used for QNAME attribute: name</errTrace>
         <errTrace>java.lang.RuntimeException: ElemTemplateElement error: xsl:function must have a name attribute.</errTrace>
      </outResult>
   </testResult>
   <testResult status="fail" testName="function-2103">
      <outResult>&lt;?xml version="1.0" encoding="UTF-8"?&gt;&lt;out&gt;abc&lt;/out&gt;</outResult>
   </testResult>
   <testResult status="pass" testName="function-2104"/>
   <testResult status="pass" testName="function-2105"/>
   <testResult status="fail" testName="function-2106">
      <outResult>
         <errTrace>javax.xml.transform.TransformerException: XPST0017 : An xsl:function {http://example.com/namespace}pi call's argument count is not equal to number of xsl:function's xsl:param declarations.</errTrace>
      </outResult>
   </testResult>
   <testResult status="fail" testName="function-2107">
      <outResult>&lt;?xml version="1.0" encoding="UTF-8"?&gt;&lt;out&gt;abc&lt;/out&gt;</outResult>
   </testResult>
   <testResult status="fail" testName="function-2108">
      <outResult>&lt;?xml version="1.0" encoding="UTF-8"?&gt;&lt;out&gt;abc&lt;/out&gt;</outResult>
   </testResult>
   <testResult status="fail" testName="function-2109">
      <outResult/>
   </testResult>
   <testResult feature="streaming" status="skipped" testName="function-5001"/>
   <testResult feature="streaming" status="skipped" testName="function-5002"/>
   <testResult feature="streaming" status="skipped" testName="function-5003"/>
   <testResult feature="streaming" status="skipped" testName="function-5004"/>
   <testResult feature="streaming" status="skipped" testName="function-5005"/>
   <testResult feature="streaming" status="skipped" testName="function-5006"/>
   <testResult feature="streaming" status="skipped" testName="function-5007"/>
   <testResult feature="streaming" status="skipped" testName="function-5011"/>
   <testResult feature="streaming" status="skipped" testName="function-5012"/>
   <testResult feature="streaming" status="skipped" testName="function-5013"/>
   <testResult feature="streaming" status="skipped" testName="function-5014"/>
   <testResult feature="streaming" status="skipped" testName="function-5015"/>
   <testResult feature="streaming" status="skipped" testName="function-5015a"/>
   <testResult feature="streaming" status="skipped" testName="function-5016"/>
   <testResult feature="streaming" status="skipped" testName="function-5017"/>
   <testResult feature="streaming" status="skipped" testName="function-5018"/>
</testrun>
